[INFO] Scanning for projects...
[INFO] Inspecting build with total of 1 modules...
[INFO] Installing Nexus Staging features:
[INFO]   ... total of 1 executions of maven-deploy-plugin replaced with nexus-staging-maven-plugin
[INFO] 
[INFO] -------------------< com.bstek.urule:urule-console >--------------------
[INFO] Building URule Console Project 2.1.9-SNAPSHOT
[INFO] --------------------------------[ jar ]---------------------------------
[INFO] 
[INFO] --- maven-dependency-plugin:3.1.1:tree (default-cli) @ urule-console ---
[INFO] com.bstek.urule:urule-console:jar:2.1.9-SNAPSHOT
[INFO] +- org.springframework.boot:spring-boot-starter-web:jar:2.2.4.RELEASE:compile
[INFO] |  +- org.springframework.boot:spring-boot-starter:jar:2.2.4.RELEASE:compile
[INFO] |  |  +- org.springframework.boot:spring-boot:jar:2.2.4.RELEASE:compile
[INFO] |  |  +- org.springframework.boot:spring-boot-autoconfigure:jar:2.2.4.RELEASE:compile
[INFO] |  |  +- org.springframework.boot:spring-boot-starter-logging:jar:2.2.4.RELEASE:compile
[INFO] |  |  |  +- ch.qos.logback:logback-classic:jar:1.2.3:compile
[INFO] |  |  |  |  \- ch.qos.logback:logback-core:jar:1.2.3:compile
[INFO] |  |  |  +- org.apache.logging.log4j:log4j-to-slf4j:jar:2.12.1:compile
[INFO] |  |  |  |  \- org.apache.logging.log4j:log4j-api:jar:2.12.1:compile
[INFO] |  |  |  \- org.slf4j:jul-to-slf4j:jar:1.7.30:compile
[INFO] |  |  +- jakarta.annotation:jakarta.annotation-api:jar:1.3.5:compile
[INFO] |  |  +- org.springframework:spring-core:jar:5.2.3.RELEASE:compile
[INFO] |  |  |  \- org.springframework:spring-jcl:jar:5.2.3.RELEASE:compile
[INFO] |  |  \- org.yaml:snakeyaml:jar:1.25:runtime
[INFO] |  +- org.springframework.boot:spring-boot-starter-json:jar:2.2.4.RELEASE:compile
[INFO] |  |  +- com.fasterxml.jackson.core:jackson-databind:jar:2.10.2:compile
[INFO] |  |  |  +- com.fasterxml.jackson.core:jackson-annotations:jar:2.10.2:compile
[INFO] |  |  |  \- com.fasterxml.jackson.core:jackson-core:jar:2.10.2:compile
[INFO] |  |  +- com.fasterxml.jackson.datatype:jackson-datatype-jdk8:jar:2.10.2:compile
[INFO] |  |  +- com.fasterxml.jackson.datatype:jackson-datatype-jsr310:jar:2.10.2:compile
[INFO] |  |  \- com.fasterxml.jackson.module:jackson-module-parameter-names:jar:2.10.2:compile
[INFO] |  +- org.springframework.boot:spring-boot-starter-tomcat:jar:2.2.4.RELEASE:compile
[INFO] |  |  +- org.apache.tomcat.embed:tomcat-embed-core:jar:9.0.30:compile
[INFO] |  |  +- org.apache.tomcat.embed:tomcat-embed-el:jar:9.0.30:compile
[INFO] |  |  \- org.apache.tomcat.embed:tomcat-embed-websocket:jar:9.0.30:compile
[INFO] |  +- org.springframework.boot:spring-boot-starter-validation:jar:2.2.4.RELEASE:compile
[INFO] |  |  \- jakarta.validation:jakarta.validation-api:jar:2.0.2:compile
[INFO] |  +- org.springframework:spring-web:jar:5.2.3.RELEASE:compile
[INFO] |  |  \- org.springframework:spring-beans:jar:5.2.3.RELEASE:compile
[INFO] |  \- org.springframework:spring-webmvc:jar:5.2.3.RELEASE:compile
[INFO] |     +- org.springframework:spring-aop:jar:5.2.3.RELEASE:compile
[INFO] |     +- org.springframework:spring-context:jar:5.2.3.RELEASE:compile
[INFO] |     \- org.springframework:spring-expression:jar:5.2.3.RELEASE:compile
[INFO] +- junit:junit:jar:4.12:test
[INFO] |  \- org.hamcrest:hamcrest-core:jar:2.1:test
[INFO] |     \- org.hamcrest:hamcrest:jar:2.1:test
[INFO] +- commons-dbcp:commons-dbcp:jar:1.4:compile
[INFO] |  \- commons-pool:commons-pool:jar:1.6:compile
[INFO] +- org.mybatis.spring.boot:mybatis-spring-boot-starter:jar:2.1.2:compile
[INFO] |  +- org.springframework.boot:spring-boot-starter-jdbc:jar:2.2.4.RELEASE:compile
[INFO] |  |  +- com.zaxxer:HikariCP:jar:3.4.2:compile
[INFO] |  |  \- org.springframework:spring-jdbc:jar:5.2.3.RELEASE:compile
[INFO] |  |     \- org.springframework:spring-tx:jar:5.2.3.RELEASE:compile
[INFO] |  +- org.mybatis.spring.boot:mybatis-spring-boot-autoconfigure:jar:2.1.2:compile
[INFO] |  +- org.mybatis:mybatis:jar:3.5.4:compile
[INFO] |  \- org.mybatis:mybatis-spring:jar:2.0.4:compile
[INFO] +- mysql:mysql-connector-java:jar:5.1.48:compile
[INFO] +- org.bgee.log4jdbc-log4j2:log4jdbc-log4j2-jdbc4.1:jar:1.16:compile
[INFO] +- org.projectlombok:lombok:jar:1.18.12:compile
[INFO] +- com.bstek.urule:urule-core:jar:2.1.9-SNAPSHOT:compile
[INFO] |  +- org.antlr:antlr4-runtime:jar:4.5:compile
[INFO] |  |  \- org.abego.treelayout:org.abego.treelayout.core:jar:1.0.1:compile
[INFO] |  +- commons-lang:commons-lang:jar:2.6:compile
[INFO] |  +- dom4j:dom4j:jar:1.6.1:compile
[INFO] |  |  \- xml-apis:xml-apis:jar:1.0.b2:compile
[INFO] |  +- commons-beanutils:commons-beanutils:jar:1.8.3:compile
[INFO] |  +- org.codehaus.jackson:jackson-mapper-asl:jar:1.9.11:compile
[INFO] |  |  \- org.codehaus.jackson:jackson-core-asl:jar:1.9.11:compile
[INFO] |  \- commons-io:commons-io:jar:2.4:compile
[INFO] +- org.apache.jackrabbit:jackrabbit-core:jar:2.13.3:compile
[INFO] |  +- concurrent:concurrent:jar:1.3.4:compile
[INFO] |  +- commons-collections:commons-collections:jar:3.2.1:compile
[INFO] |  +- org.apache.jackrabbit:jackrabbit-api:jar:2.13.3:compile
[INFO] |  +- org.apache.jackrabbit:jackrabbit-jcr-commons:jar:2.13.3:compile
[INFO] |  |  \- com.google.guava:guava:jar:15.0:compile
[INFO] |  +- org.apache.jackrabbit:jackrabbit-data:jar:2.13.3:compile
[INFO] |  +- org.apache.jackrabbit:jackrabbit-spi-commons:jar:2.13.3:compile
[INFO] |  +- org.apache.jackrabbit:jackrabbit-spi:jar:2.13.3:compile
[INFO] |  +- org.apache.tika:tika-core:jar:1.7:compile
[INFO] |  +- org.slf4j:slf4j-api:jar:1.7.30:compile
[INFO] |  +- org.apache.lucene:lucene-core:jar:3.6.0:compile
[INFO] |  \- org.slf4j:jcl-over-slf4j:jar:1.7.30:compile
[INFO] +- javax.jcr:jcr:jar:2.0:compile
[INFO] +- javax.servlet:servlet-api:jar:2.5:provided
[INFO] +- commons-fileupload:commons-fileupload:jar:1.3.2:compile
[INFO] +- org.apache.velocity:velocity:jar:1.7:compile
[INFO] \- org.apache.poi:poi-ooxml:jar:3.16:compile
[INFO]    +- org.apache.poi:poi:jar:3.16:compile
[INFO]    |  +- commons-codec:commons-codec:jar:1.13:compile
[INFO]    |  \- org.apache.commons:commons-collections4:jar:4.1:compile
[INFO]    +- org.apache.poi:poi-ooxml-schemas:jar:3.16:compile
[INFO]    |  \- org.apache.xmlbeans:xmlbeans:jar:2.6.0:compile
[INFO]    |     \- stax:stax-api:jar:1.0.1:compile
[INFO]    \- com.github.virtuald:curvesapi:jar:1.04:compile
[INFO] ------------------------------------------------------------------------
[INFO] BUILD SUCCESS
[INFO] ------------------------------------------------------------------------
[INFO] Total time:  2.553 s
[INFO] Finished at: 2020-08-25T13:57:24+08:00
[INFO] ------------------------------------------------------------------------
